# JRE version: Java(TM) SE Runtime Environment (8.0_201-b09) (build 1.8.0_201-b09)
# Java VM: Java HotSpot(TM) 64-Bit Server VM (25.201-b09 mixed mode windows-amd64 compressed oops)
Heap:
 PSYoungGen      total 212480K, used 34266K [0x00000000eb200000, 0x00000000fa000000, 0x0000000100000000)
  eden space 188416K, 13% used [0x00000000eb200000,0x00000000ecb91ca0,0x00000000f6a00000)
  from space 24064K, 33% used [0x00000000f8880000,0x00000000f9064cc0,0x00000000fa000000)
  to   space 27648K, 0% used [0x00000000f6a00000,0x00000000f6a00000,0x00000000f8500000)
 ParOldGen       total 158720K, used 90488K [0x00000000c1600000, 0x00000000cb100000, 0x00000000eb200000)
  object space 158720K, 57% used [0x00000000c1600000,0x00000000c6e5e2e8,0x00000000cb100000)
 Metaspace       used 45650K, capacity 46241K, committed 46592K, reserved 1089536K
  class space    used 6139K, capacity 6378K, committed 6400K, reserved 1048576K
GC Heap History (10 events):
Event: 30.620 GC heap before
{Heap before GC invocations=30 (full 3):
 PSYoungGen      total 174592K, used 174364K [0x00000000eb200000, 0x00000000f7500000, 0x0000000100000000)
  eden space 158208K, 100% used [0x00000000eb200000,0x00000000f4c80000,0x00000000f4c80000)
  from space 16384K, 98% used [0x00000000f6500000,0x00000000f74c7358,0x00000000f7500000)
  to   space 20480K, 0% used [0x00000000f4d00000,0x00000000f4d00000,0x00000000f6100000)
 ParOldGen       total 109568K, used 71222K [0x00000000c1600000, 0x00000000c8100000, 0x00000000eb200000)
  object space 109568K, 65% used [0x00000000c1600000,0x00000000c5b8dbf0,0x00000000c8100000)
 Metaspace       used 39762K, capacity 40311K, committed 40576K, reserved 1085440K
  class space    used 5330K, capacity 5495K, committed 5504K, reserved 1048576K
Event: 30.680 GC heap after
Heap after GC invocations=30 (full 3):
 PSYoungGen      total 179200K, used 20454K [0x00000000eb200000, 0x00000000f9800000, 0x0000000100000000)
  eden space 158720K, 0% used [0x00000000eb200000,0x00000000eb200000,0x00000000f4d00000)
  from space 20480K, 99% used [0x00000000f4d00000,0x00000000f60f9b18,0x00000000f6100000)
  to   space 30720K, 0% used [0x00000000f7a00000,0x00000000f7a00000,0x00000000f9800000)
 ParOldGen       total 109568K, used 90925K [0x00000000c1600000, 0x00000000c8100000, 0x00000000eb200000)
  object space 109568K, 82% used [0x00000000c1600000,0x00000000c6ecb500,0x00000000c8100000)
 Metaspace       used 39762K, capacity 40311K, committed 40576K, reserved 1085440K
  class space    used 5330K, capacity 5495K, committed 5504K, reserved 1048576K
}
Event: 33.401 GC heap before
{Heap before GC invocations=31 (full 3):
 PSYoungGen      total 179200K, used 179174K [0x00000000eb200000, 0x00000000f9800000, 0x0000000100000000)
  eden space 158720K, 100% used [0x00000000eb200000,0x00000000f4d00000,0x00000000f4d00000)
  from space 20480K, 99% used [0x00000000f4d00000,0x00000000f60f9b18,0x00000000f6100000)
  to   space 30720K, 0% used [0x00000000f7a00000,0x00000000f7a00000,0x00000000f9800000)
 ParOldGen       total 109568K, used 90925K [0x00000000c1600000, 0x00000000c8100000, 0x00000000eb200000)
  object space 109568K, 82% used [0x00000000c1600000,0x00000000c6ecb500,0x00000000c8100000)
 Metaspace       used 42796K, capacity 43277K, committed 43776K, reserved 1087488K
  class space    used 5719K, capacity 5867K, committed 5888K, reserved 1048576K
Event: 33.446 GC heap after
Heap after GC invocations=31 (full 3):
 PSYoungGen      total 203776K, used 13732K [0x00000000eb200000, 0x00000000f9680000, 0x0000000100000000)
  eden space 174592K, 0% used [0x00000000eb200000,0x00000000eb200000,0x00000000f5c80000)
  from space 29184K, 47% used [0x00000000f7a00000,0x00000000f8769360,0x00000000f9680000)
  to   space 29696K, 0% used [0x00000000f5c80000,0x00000000f5c80000,0x00000000f7980000)
 ParOldGen       total 109568K, used 100320K [0x00000000c1600000, 0x00000000c8100000, 0x00000000eb200000)
  object space 109568K, 91% used [0x00000000c1600000,0x00000000c77f83f0,0x00000000c8100000)
 Metaspace       used 42796K, capacity 43277K, committed 43776K, reserved 1087488K
  class space    used 5719K, capacity 5867K, committed 5888K, reserved 1048576K
}
Event: 33.446 GC heap before
{Heap before GC invocations=32 (full 4):
 PSYoungGen      total 203776K, used 13732K [0x00000000eb200000, 0x00000000f9680000, 0x0000000100000000)
  eden space 174592K, 0% used [0x00000000eb200000,0x00000000eb200000,0x00000000f5c80000)
  from space 29184K, 47% used [0x00000000f7a00000,0x00000000f8769360,0x00000000f9680000)
  to   space 29696K, 0% used [0x00000000f5c80000,0x00000000f5c80000,0x00000000f7980000)
 ParOldGen       total 109568K, used 100320K [0x00000000c1600000, 0x00000000c8100000, 0x00000000eb200000)
  object space 109568K, 91% used [0x00000000c1600000,0x00000000c77f83f0,0x00000000c8100000)
 Metaspace       used 42796K, capacity 43277K, committed 43776K, reserved 1087488K
  class space    used 5719K, capacity 5867K, committed 5888K, reserved 1048576K
Event: 33.714 GC heap after
Heap after GC invocations=32 (full 4):
 PSYoungGen      total 203776K, used 0K [0x00000000eb200000, 0x00000000f9680000, 0x0000000100000000)
  eden space 174592K, 0% used [0x00000000eb200000,0x00000000eb200000,0x00000000f5c80000)
  from space 29184K, 0% used [0x00000000f7a00000,0x00000000f7a00000,0x00000000f9680000)
  to   space 29696K, 0% used [0x00000000f5c80000,0x00000000f5c80000,0x00000000f7980000)
 ParOldGen       total 158720K, used 90472K [0x00000000c1600000, 0x00000000cb100000, 0x00000000eb200000)
  object space 158720K, 57% used [0x00000000c1600000,0x00000000c6e5a2e8,0x00000000cb100000)
 Metaspace       used 42796K, capacity 43277K, committed 43776K, reserved 1087488K
  class space    used 5719K, capacity 5867K, committed 5888K, reserved 1048576K
}
Event: 41.574 GC heap before
{Heap before GC invocations=33 (full 4):
 PSYoungGen      total 203776K, used 174592K [0x00000000eb200000, 0x00000000f9680000, 0x0000000100000000)
  eden space 174592K, 100% used [0x00000000eb200000,0x00000000f5c80000,0x00000000f5c80000)
  from space 29184K, 0% used [0x00000000f7a00000,0x00000000f7a00000,0x00000000f9680000)
  to   space 29696K, 0% used [0x00000000f5c80000,0x00000000f5c80000,0x00000000f7980000)
 ParOldGen       total 158720K, used 90472K [0x00000000c1600000, 0x00000000cb100000, 0x00000000eb200000)
  object space 158720K, 57% used [0x00000000c1600000,0x00000000c6e5a2e8,0x00000000cb100000)
 Metaspace       used 44783K, capacity 45373K, committed 45696K, reserved 1089536K
  class space    used 6049K, capacity 6242K, committed 6272K, reserved 1048576K
Event: 41.586 GC heap after
Heap after GC invocations=33 (full 4):
 PSYoungGen      total 204288K, used 8563K [0x00000000eb200000, 0x00000000fa480000, 0x0000000100000000)
  eden space 174592K, 0% used [0x00000000eb200000,0x00000000eb200000,0x00000000f5c80000)
  from space 29696K, 28% used [0x00000000f5c80000,0x00000000f64dcf70,0x00000000f7980000)
  to   space 28672K, 0% used [0x00000000f8880000,0x00000000f8880000,0x00000000fa480000)
 ParOldGen       total 158720K, used 90480K [0x00000000c1600000, 0x00000000cb100000, 0x00000000eb200000)
  object space 158720K, 57% used [0x00000000c1600000,0x00000000c6e5c2e8,0x00000000cb100000)
 Metaspace       used 44783K, capacity 45373K, committed 45696K, reserved 1089536K
  class space    used 6049K, capacity 6242K, committed 6272K, reserved 1048576K
}
Event: 57.608 GC heap before
{Heap before GC invocations=34 (full 4):
 PSYoungGen      total 204288K, used 183155K [0x00000000eb200000, 0x00000000fa480000, 0x0000000100000000)
  eden space 174592K, 100% used [0x00000000eb200000,0x00000000f5c80000,0x00000000f5c80000)
  from space 29696K, 28% used [0x00000000f5c80000,0x00000000f64dcf70,0x00000000f7980000)
  to   space 28672K, 0% used [0x00000000f8880000,0x00000000f8880000,0x00000000fa480000)
 ParOldGen       total 158720K, used 90480K [0x00000000c1600000, 0x00000000cb100000, 0x00000000eb200000)
  object space 158720K, 57% used [0x00000000c1600000,0x00000000c6e5c2e8,0x00000000cb100000)
 Metaspace       used 45062K, capacity 45597K, committed 46080K, reserved 1089536K
  class space    used 6080K, capacity 6274K, committed 6400K, reserved 1048576K
Event: 57.621 GC heap after
Heap after GC invocations=34 (full 4):
 PSYoungGen      total 212480K, used 8083K [0x00000000eb200000, 0x00000000fa000000, 0x0000000100000000)
  eden space 188416K, 0% used [0x00000000eb200000,0x00000000eb200000,0x00000000f6a00000)
  from space 24064K, 33% used [0x00000000f8880000,0x00000000f9064cc0,0x00000000fa000000)
  to   space 27648K, 0% used [0x00000000f6a00000,0x00000000f6a00000,0x00000000f8500000)
 ParOldGen       total 158720K, used 90488K [0x00000000c1600000, 0x00000000cb100000, 0x00000000eb200000)
  object space 158720K, 57% used [0x00000000c1600000,0x00000000c6e5e2e8,0x00000000cb100000)
 Metaspace       used 45062K, capacity 45597K, committed 46080K, reserved 1089536K
  class space    used 6080K, capacity 6274K, committed 6400K, reserved 1048576K
}

